<?xml version="1.0" encoding="UTF-8"?>
<Site BuildName="Linux-arm-linux-gnueabihf-g++"
	BuildStamp="20240912-0752-Experimental"
	Name="raspberrypi"
	Generator="ctest-3.18.4"
	CompilerName="/usr/bin/arm-linux-gnueabihf-g++"
	CompilerVersion="10.2.1"
	OSName="Linux"
	Hostname="raspberrypi"
	OSRelease="6.1.19-v8+"
	OSVersion="#1637 SMP PREEMPT Tue Mar 14 11:11:47 GMT 2023"
	OSPlatform="aarch64"
	Is64Bits="1"
	VendorString=""
	VendorID="Unknown Manufacturer"
	FamilyID="8"
	ModelID="0"
	ProcessorCacheSize="0"
	NumberOfLogicalCPU="4"
	NumberOfPhysicalCPU="1"
	TotalVirtualMemory="99"
	TotalPhysicalMemory="3794"
	LogicalProcessorsPerPhysical="4"
	ProcessorClockFrequency="0"
	>
	<Testing>
		<StartDateTime>Sep 12 09:52 CEST</StartDateTime>
		<StartTestTime>1726127526</StartTestTime>
		<TestList/>
		<EndDateTime>Sep 12 09:52 CEST</EndDateTime>
		<EndTestTime>1726127526</EndTestTime>
		<ElapsedMinutes>0</ElapsedMinutes>
	</Testing>
</Site>
